Jun-20 12:57:41.973 [main] DEBUG nextflow.cli.Launcher - $> nextflow run sra2fastq.nf -params-file ./test_json/sra2fastq_inputs4.json
Jun-20 12:57:42.151 [main] DEBUG nextflow.cli.CmdRun - N E X T F L O W  ~  version 24.04.2
Jun-20 12:57:42.173 [main] DEBUG nextflow.plugin.PluginsFacade - Setting up plugin manager > mode=prod; embedded=false; plugins-dir=/home/apwat/.nextflow/plugins; core-plugins: nf-amazon@2.5.2,nf-azure@1.6.0,nf-cloudcache@0.4.1,nf-codecommit@0.2.0,nf-console@1.1.3,nf-ga4gh@1.3.0,nf-google@1.13.2,nf-tower@1.9.1,nf-wave@1.4.2
Jun-20 12:57:42.191 [main] INFO  o.pf4j.DefaultPluginStatusProvider - Enabled plugins: []
Jun-20 12:57:42.192 [main] INFO  o.pf4j.DefaultPluginStatusProvider - Disabled plugins: []
Jun-20 12:57:42.197 [main] INFO  org.pf4j.DefaultPluginManager - PF4J version 3.10.0 in 'deployment' mode
Jun-20 12:57:42.213 [main] INFO  org.pf4j.AbstractPluginManager - No plugins
Jun-20 12:57:42.237 [main] DEBUG nextflow.config.ConfigBuilder - Found config local: /home/apwat/WORK/EDGE_workflows/sra2fastq/nextflow.config
Jun-20 12:57:42.240 [main] DEBUG nextflow.config.ConfigBuilder - Parsing config file: /home/apwat/WORK/EDGE_workflows/sra2fastq/nextflow.config
Jun-20 12:57:42.265 [main] DEBUG n.secret.LocalSecretsProvider - Secrets store: /home/apwat/.nextflow/secrets/store.json
Jun-20 12:57:42.269 [main] DEBUG nextflow.secret.SecretsLoader - Discovered secrets providers: [nextflow.secret.LocalSecretsProvider@5e1218b4] - activable => nextflow.secret.LocalSecretsProvider@5e1218b4
Jun-20 12:57:42.290 [main] DEBUG nextflow.config.ConfigBuilder - Applying config profile: `standard`
Jun-20 12:57:42.761 [main] DEBUG nextflow.cli.CmdRun - Applied DSL=2 by global default
Jun-20 12:57:42.781 [main] DEBUG nextflow.cli.CmdRun - Launching `sra2fastq.nf` [ridiculous_bose] DSL2 - revision: b6e84d1110
Jun-20 12:57:42.783 [main] DEBUG nextflow.plugin.PluginsFacade - Plugins default=[]
Jun-20 12:57:42.784 [main] DEBUG nextflow.plugin.PluginsFacade - Plugins resolved requirement=[]
Jun-20 12:57:42.856 [main] DEBUG nextflow.Session - Session UUID: a1c71f44-0cea-4a52-929c-feda2d9571ad
Jun-20 12:57:42.856 [main] DEBUG nextflow.Session - Run name: ridiculous_bose
Jun-20 12:57:42.857 [main] DEBUG nextflow.Session - Executor pool size: 8
Jun-20 12:57:42.865 [main] DEBUG nextflow.file.FilePorter - File porter settings maxRetries=3; maxTransfers=50; pollTimeout=null
Jun-20 12:57:42.873 [main] DEBUG nextflow.util.ThreadPoolBuilder - Creating thread pool 'FileTransfer' minSize=10; maxSize=24; workQueue=LinkedBlockingQueue[10000]; allowCoreThreadTimeout=false
Jun-20 12:57:42.898 [main] DEBUG nextflow.cli.CmdRun - 
  Version: 24.04.2 build 5914
  Created: 29-05-2024 06:19 UTC (00:19 MDT)
  System: Linux 5.15.153.1-microsoft-standard-WSL2
  Runtime: Groovy 4.0.21 on OpenJDK 64-Bit Server VM 11.0.15-internal+0-adhoc..src
  Encoding: UTF-8 (UTF-8)
  Process: 375326@Andre [127.0.1.1]
  CPUs: 8 - Mem: 7.7 GB (541.2 MB) - Swap: 2 GB (1.9 GB)
Jun-20 12:57:42.921 [main] DEBUG nextflow.Session - Work-dir: /home/apwat/WORK/EDGE_workflows/sra2fastq/work [ext2/ext3]
Jun-20 12:57:42.922 [main] DEBUG nextflow.Session - Script base path does not exist or is not a directory: /home/apwat/WORK/EDGE_workflows/sra2fastq/bin
Jun-20 12:57:42.941 [main] DEBUG nextflow.executor.ExecutorFactory - Extension executors providers=[]
Jun-20 12:57:42.955 [main] DEBUG nextflow.Session - Observer factory: DefaultObserverFactory
Jun-20 12:57:42.996 [main] DEBUG nextflow.cache.CacheFactory - Using Nextflow cache factory: nextflow.cache.DefaultCacheFactory
Jun-20 12:57:43.007 [main] DEBUG nextflow.util.CustomThreadPool - Creating default thread pool > poolSize: 9; maxThreads: 1000
Jun-20 12:57:43.069 [main] DEBUG nextflow.Session - Session start
Jun-20 12:57:43.463 [main] DEBUG nextflow.script.ScriptRunner - > Launching execution
Jun-20 12:57:43.650 [main] DEBUG nextflow.executor.ExecutorFactory - << taskConfig executor: null
Jun-20 12:57:43.651 [main] DEBUG nextflow.executor.ExecutorFactory - >> processorType: 'local'
Jun-20 12:57:43.658 [main] DEBUG nextflow.executor.Executor - [warm up] executor > local
Jun-20 12:57:43.664 [main] DEBUG n.processor.LocalPollingMonitor - Creating local task monitor for executor 'local' > cpus=8; memory=7.7 GB; capacity=8; pollInterval=100ms; dumpInterval=5m
Jun-20 12:57:43.668 [main] DEBUG n.processor.TaskPollingMonitor - >>> barrier register (monitor: local)
Jun-20 12:57:43.740 [main] DEBUG nextflow.Session - Workflow process names [dsl2]: SRA2FASTQ
Jun-20 12:57:43.741 [main] DEBUG nextflow.Session - Igniting dataflow network (2)
Jun-20 12:57:43.743 [main] DEBUG nextflow.processor.TaskProcessor - Starting process > SRA2FASTQ
Jun-20 12:57:43.744 [main] DEBUG nextflow.script.ScriptRunner - Parsed script files:
  Script_9d1a76abcd3b49a5: /home/apwat/WORK/EDGE_workflows/sra2fastq/sra2fastq.nf
Jun-20 12:57:43.744 [main] DEBUG nextflow.script.ScriptRunner - > Awaiting termination 
Jun-20 12:57:43.744 [main] DEBUG nextflow.Session - Session await
Jun-20 12:57:44.084 [Task submitter] DEBUG n.executor.local.LocalTaskHandler - Launch cmd line: /bin/bash -ue .command.run
Jun-20 12:57:44.087 [Task submitter] INFO  nextflow.Session - [b5/155da5] Submitted process > SRA2FASTQ (1)
Jun-20 12:57:44.099 [Task submitter] DEBUG n.executor.local.LocalTaskHandler - Launch cmd line: /bin/bash -ue .command.run
Jun-20 12:57:44.100 [Task submitter] INFO  nextflow.Session - [45/b44435] Submitted process > SRA2FASTQ (2)
Jun-20 12:57:44.113 [Task submitter] DEBUG n.executor.local.LocalTaskHandler - Launch cmd line: /bin/bash -ue .command.run
Jun-20 12:57:44.115 [Task submitter] INFO  nextflow.Session - [06/1f02fb] Submitted process > SRA2FASTQ (3)
Jun-20 12:57:53.885 [Task monitor] DEBUG n.processor.TaskPollingMonitor - Task completed > TaskHandler[id: 1; name: SRA2FASTQ (1); status: COMPLETED; exit: 1; error: -; workDir: /home/apwat/WORK/EDGE_workflows/sra2fastq/work/b5/155da5ead65f7f8d87c84a87a42553]
Jun-20 12:57:53.886 [Task monitor] DEBUG nextflow.util.ThreadPoolBuilder - Creating thread pool 'TaskFinalizer' minSize=10; maxSize=24; workQueue=LinkedBlockingQueue[10000]; allowCoreThreadTimeout=false
Jun-20 12:57:53.892 [TaskFinalizer-1] DEBUG nextflow.processor.TaskProcessor - Handling unexpected condition for
  task: name=SRA2FASTQ (1); work-dir=/home/apwat/WORK/EDGE_workflows/sra2fastq/work/b5/155da5ead65f7f8d87c84a87a42553
  error [nextflow.exception.ProcessFailedException]: Process `SRA2FASTQ (1)` terminated with an error exit status (1)
Jun-20 12:57:53.911 [TaskFinalizer-1] ERROR nextflow.processor.TaskProcessor - Error executing process > 'SRA2FASTQ (1)'

Caused by:
  Process `SRA2FASTQ (1)` terminated with an error exit status (1)


Command executed:

  sra2fastq.py SRR11241255     --clean True

Command exit status:
  1

Command output:
  ['SRR11241255']

Command error:
  Downloading metadata from pysradb
  Retrieving run(s) information from NCBI-SRA...Retrieving run acc# from NCBI-SRA https://eutils.ncbi.nlm.nih.gov/entrez/eutils/esearch.fcgi?db=sra&term=SRR11241255&usehistory=y https://eutils.ncbi.nlm.nih.gov/entrez/eutils/efetch.fcgi?db=sra&rettype=runinfo&query_key=1&WebEnv=MCID_66747bb0cb732957396c782f&retmode=text...0 run(s) found from NCBI-SRA.Retrieving run(s) information from EBI-ENA...
  Retrieving run acc# from EBI-ENA https://www.ebi.ac.uk/ena/portal/api/filereport?accession=SRR11241255&result=read_run&fields=run_accession,submission_accession,study_accession,experiment_accession,instrument_platform,library_layout,fastq_ftp,fastq_md5,fastq_bytes...
  ['SRR11241255']
  WARNING: SRR11241255 only found in ENA database. The data may be not synchronized among INSDC yet.
  1 run(s) found from EBI-ENA.
  Traceback (most recent call last):
    File "/opt/conda/bin/sra2fastq.py", line 97, in <module>
      main()
    File "/opt/conda/bin/sra2fastq.py", line 79, in main
      s.downloadAndMergeFastq(accession, args, finished)
    File "/opt/conda/bin/sra2fastq_subroutines/downloadAndMergeFastq.py", line 28, in downloadAndMergeFastq
      read_info = getReadInfo(acc, {}, getAccType(acc))
                  ^^^^^^^^^^^^^^^^^^^^^^^^^^^^^^^^^^^^^
    File "/opt/conda/bin/sra2fastq_subroutines/getReadInfo.py", line 84, in getReadInfo
      read_info[acc][run_acc] = {
      ~~~~~~~~~^^^^^
  KeyError: 'SRR11241255'

Work dir:
  /home/apwat/WORK/EDGE_workflows/sra2fastq/work/b5/155da5ead65f7f8d87c84a87a42553

Tip: you can try to figure out what's wrong by changing to the process work dir and showing the script file named `.command.sh`
Jun-20 12:57:53.925 [TaskFinalizer-1] DEBUG nextflow.Session - Session aborted -- Cause: Process `SRA2FASTQ (1)` terminated with an error exit status (1)
Jun-20 12:57:53.947 [main] DEBUG nextflow.Session - Session await > all processes finished
Jun-20 12:57:53.948 [Task monitor] DEBUG n.processor.TaskPollingMonitor - <<< barrier arrives (monitor: local) - terminating tasks monitor poll loop
Jun-20 12:57:53.949 [main] DEBUG nextflow.Session - Session await > all barriers passed
Jun-20 12:57:53.958 [main] WARN  n.processor.TaskPollingMonitor - Killing running tasks (2)
Jun-20 12:57:53.975 [main] DEBUG n.trace.WorkflowStatsObserver - Workflow completed > WorkflowStats[succeededCount=0; failedCount=1; ignoredCount=0; cachedCount=0; pendingCount=0; submittedCount=0; runningCount=0; retriesCount=0; abortedCount=2; succeedDuration=0ms; failedDuration=9.7s; cachedDuration=0ms;loadCpus=0; loadMemory=0; peakRunning=3; peakCpus=3; peakMemory=0; ]
Jun-20 12:57:54.127 [main] DEBUG nextflow.cache.CacheDB - Closing CacheDB done
Jun-20 12:57:54.161 [main] DEBUG nextflow.script.ScriptRunner - > Execution complete -- Goodbye
